<?xml version="1.0" encoding="UTF-8"?>
<testsuite xmlns:xsi="http://www.w3.org/2001/XMLSchema-instance" xsi:noNamespaceSchemaLocation="https://maven.apache.org/surefire/maven-surefire-plugin/xsd/surefire-test-report.xsd" name="com.danshev.processors.aerospike_delete.DeleteTest" time="0.341" tests="1" errors="0" skipped="0" failures="0">
  <properties>
    <property name="gopherProxySet" value="false"/>
    <property name="awt.toolkit" value="sun.lwawt.macosx.LWCToolkit"/>
    <property name="file.encoding.pkg" value="sun.io"/>
    <property name="java.specification.version" value="1.8"/>
    <property name="sun.cpu.isalist" value=""/>
    <property name="sun.jnu.encoding" value="UTF-8"/>
    <property name="java.class.path" value="/Users/dan/Documents/Projects/Wayfair/aerospike-delete/nifi-aerospike-delete-processors/target/test-classes:/Users/dan/Documents/Projects/Wayfair/aerospike-delete/nifi-aerospike-delete-processors/target/classes:/Users/dan/.m2/repository/com/danshev/nifi-aerospike-connection-api/1.0-SNAPSHOT/nifi-aerospike-connection-api-1.0-SNAPSHOT.jar:/Users/dan/.m2/repository/com/google/guava/guava/27.1-jre/guava-27.1-jre.jar:/Users/dan/.m2/repository/com/google/guava/failureaccess/1.0.1/failureaccess-1.0.1.jar:/Users/dan/.m2/repository/com/google/guava/listenablefuture/9999.0-empty-to-avoid-conflict-with-guava/listenablefuture-9999.0-empty-to-avoid-conflict-with-guava.jar:/Users/dan/.m2/repository/com/google/code/findbugs/jsr305/3.0.2/jsr305-3.0.2.jar:/Users/dan/.m2/repository/org/checkerframework/checker-qual/2.5.2/checker-qual-2.5.2.jar:/Users/dan/.m2/repository/com/google/errorprone/error_prone_annotations/2.2.0/error_prone_annotations-2.2.0.jar:/Users/dan/.m2/repository/com/google/j2objc/j2objc-annotations/1.1/j2objc-annotations-1.1.jar:/Users/dan/.m2/repository/org/codehaus/mojo/animal-sniffer-annotations/1.17/animal-sniffer-annotations-1.17.jar:/Users/dan/.m2/repository/org/apache/nifi/nifi-api/1.9.2/nifi-api-1.9.2.jar:/Users/dan/.m2/repository/org/apache/nifi/nifi-utils/1.9.2/nifi-utils-1.9.2.jar:/Users/dan/.m2/repository/com/aerospike/aerospike-client/4.1.11/aerospike-client-4.1.11.jar:/Users/dan/.m2/repository/org/gnu/gnu-crypto/2.0.1/gnu-crypto-2.0.1.jar:/Users/dan/.m2/repository/org/luaj/luaj-jse/3.0/luaj-jse-3.0.jar:/Users/dan/.m2/repository/org/mindrot/jbcrypt/0.3m/jbcrypt-0.3m.jar:/Users/dan/.m2/repository/org/json/json/20180813/json-20180813.jar:/Users/dan/.m2/repository/org/apache/nifi/nifi-mock/1.9.2/nifi-mock-1.9.2.jar:/Users/dan/.m2/repository/org/apache/nifi/nifi-framework-api/1.9.2/nifi-framework-api-1.9.2.jar:/Users/dan/.m2/repository/org/apache/nifi/nifi-expression-language/1.9.2/nifi-expression-language-1.9.2.jar:/Users/dan/.m2/repository/org/antlr/antlr-runtime/3.5.2/antlr-runtime-3.5.2.jar:/Users/dan/.m2/repository/com/jayway/jsonpath/json-path/2.4.0/json-path-2.4.0.jar:/Users/dan/.m2/repository/net/minidev/json-smart/2.3/json-smart-2.3.jar:/Users/dan/.m2/repository/net/minidev/accessors-smart/1.2/accessors-smart-1.2.jar:/Users/dan/.m2/repository/org/ow2/asm/asm/5.0.4/asm-5.0.4.jar:/Users/dan/.m2/repository/com/fasterxml/jackson/core/jackson-databind/2.9.7/jackson-databind-2.9.7.jar:/Users/dan/.m2/repository/com/fasterxml/jackson/core/jackson-annotations/2.9.0/jackson-annotations-2.9.0.jar:/Users/dan/.m2/repository/com/fasterxml/jackson/core/jackson-core/2.9.7/jackson-core-2.9.7.jar:/Users/dan/.m2/repository/org/apache/commons/commons-text/1.4/commons-text-1.4.jar:/Users/dan/.m2/repository/org/apache/commons/commons-lang3/3.7/commons-lang3-3.7.jar:/Users/dan/.m2/repository/org/apache/nifi/nifi-data-provenance-utils/1.9.2/nifi-data-provenance-utils-1.9.2.jar:/Users/dan/.m2/repository/org/apache/nifi/nifi-security-utils/1.9.2/nifi-security-utils-1.9.2.jar:/Users/dan/.m2/repository/commons-codec/commons-codec/1.11/commons-codec-1.11.jar:/Users/dan/.m2/repository/org/bouncycastle/bcpkix-jdk15on/1.60/bcpkix-jdk15on-1.60.jar:/Users/dan/.m2/repository/de/svenkubiak/jBCrypt/0.4.1/jBCrypt-0.4.1.jar:/Users/dan/.m2/repository/org/bouncycastle/bcprov-jdk15on/1.60/bcprov-jdk15on-1.60.jar:/Users/dan/.m2/repository/org/apache/nifi/nifi-properties-loader/1.9.2/nifi-properties-loader-1.9.2.jar:/Users/dan/.m2/repository/ch/qos/logback/logback-classic/1.2.3/logback-classic-1.2.3.jar:/Users/dan/.m2/repository/ch/qos/logback/logback-core/1.2.3/logback-core-1.2.3.jar:/Users/dan/.m2/repository/org/apache/nifi/nifi-properties/1.9.2/nifi-properties-1.9.2.jar:/Users/dan/.m2/repository/org/slf4j/slf4j-simple/1.7.25/slf4j-simple-1.7.25.jar:/Users/dan/.m2/repository/org/slf4j/slf4j-api/1.7.25/slf4j-api-1.7.25.jar:/Users/dan/.m2/repository/junit/junit/4.12/junit-4.12.jar:/Users/dan/.m2/repository/org/hamcrest/hamcrest-core/1.3/hamcrest-core-1.3.jar:/Users/dan/.m2/repository/org/mockito/mockito-core/1.10.19/mockito-core-1.10.19.jar:/Users/dan/.m2/repository/org/objenesis/objenesis/2.1/objenesis-2.1.jar:/Users/dan/.m2/repository/org/codehaus/groovy/groovy-all/2.4.13/groovy-all-2.4.13.jar:"/>
    <property name="java.vm.vendor" value="Oracle Corporation"/>
    <property name="sun.arch.data.model" value="64"/>
    <property name="java.vendor.url" value="http://java.oracle.com/"/>
    <property name="user.timezone" value=""/>
    <property name="java.vm.specification.version" value="1.8"/>
    <property name="os.name" value="Mac OS X"/>
    <property name="user.country" value="US"/>
    <property name="sun.java.launcher" value="SUN_STANDARD"/>
    <property name="sun.boot.library.path" value="/Library/Java/JavaVirtualMachines/jdk1.8.0_212.jdk/Contents/Home/jre/lib"/>
    <property name="sun.java.command" value="/Users/dan/Documents/Projects/Wayfair/aerospike-delete/nifi-aerospike-delete-processors/target/surefire/surefirebooter7156967350076039602.jar /Users/dan/Documents/Projects/Wayfair/aerospike-delete/nifi-aerospike-delete-processors/target/surefire 2019-06-02T11-22-34_773-jvmRun1 surefire7520047859957362247tmp surefire_02931044680981380188tmp"/>
    <property name="http.nonProxyHosts" value="local|*.local|169.254/16|*.169.254/16"/>
    <property name="surefire.test.class.path" value="/Users/dan/Documents/Projects/Wayfair/aerospike-delete/nifi-aerospike-delete-processors/target/test-classes:/Users/dan/Documents/Projects/Wayfair/aerospike-delete/nifi-aerospike-delete-processors/target/classes:/Users/dan/.m2/repository/com/danshev/nifi-aerospike-connection-api/1.0-SNAPSHOT/nifi-aerospike-connection-api-1.0-SNAPSHOT.jar:/Users/dan/.m2/repository/com/google/guava/guava/27.1-jre/guava-27.1-jre.jar:/Users/dan/.m2/repository/com/google/guava/failureaccess/1.0.1/failureaccess-1.0.1.jar:/Users/dan/.m2/repository/com/google/guava/listenablefuture/9999.0-empty-to-avoid-conflict-with-guava/listenablefuture-9999.0-empty-to-avoid-conflict-with-guava.jar:/Users/dan/.m2/repository/com/google/code/findbugs/jsr305/3.0.2/jsr305-3.0.2.jar:/Users/dan/.m2/repository/org/checkerframework/checker-qual/2.5.2/checker-qual-2.5.2.jar:/Users/dan/.m2/repository/com/google/errorprone/error_prone_annotations/2.2.0/error_prone_annotations-2.2.0.jar:/Users/dan/.m2/repository/com/google/j2objc/j2objc-annotations/1.1/j2objc-annotations-1.1.jar:/Users/dan/.m2/repository/org/codehaus/mojo/animal-sniffer-annotations/1.17/animal-sniffer-annotations-1.17.jar:/Users/dan/.m2/repository/org/apache/nifi/nifi-api/1.9.2/nifi-api-1.9.2.jar:/Users/dan/.m2/repository/org/apache/nifi/nifi-utils/1.9.2/nifi-utils-1.9.2.jar:/Users/dan/.m2/repository/com/aerospike/aerospike-client/4.1.11/aerospike-client-4.1.11.jar:/Users/dan/.m2/repository/org/gnu/gnu-crypto/2.0.1/gnu-crypto-2.0.1.jar:/Users/dan/.m2/repository/org/luaj/luaj-jse/3.0/luaj-jse-3.0.jar:/Users/dan/.m2/repository/org/mindrot/jbcrypt/0.3m/jbcrypt-0.3m.jar:/Users/dan/.m2/repository/org/json/json/20180813/json-20180813.jar:/Users/dan/.m2/repository/org/apache/nifi/nifi-mock/1.9.2/nifi-mock-1.9.2.jar:/Users/dan/.m2/repository/org/apache/nifi/nifi-framework-api/1.9.2/nifi-framework-api-1.9.2.jar:/Users/dan/.m2/repository/org/apache/nifi/nifi-expression-language/1.9.2/nifi-expression-language-1.9.2.jar:/Users/dan/.m2/repository/org/antlr/antlr-runtime/3.5.2/antlr-runtime-3.5.2.jar:/Users/dan/.m2/repository/com/jayway/jsonpath/json-path/2.4.0/json-path-2.4.0.jar:/Users/dan/.m2/repository/net/minidev/json-smart/2.3/json-smart-2.3.jar:/Users/dan/.m2/repository/net/minidev/accessors-smart/1.2/accessors-smart-1.2.jar:/Users/dan/.m2/repository/org/ow2/asm/asm/5.0.4/asm-5.0.4.jar:/Users/dan/.m2/repository/com/fasterxml/jackson/core/jackson-databind/2.9.7/jackson-databind-2.9.7.jar:/Users/dan/.m2/repository/com/fasterxml/jackson/core/jackson-annotations/2.9.0/jackson-annotations-2.9.0.jar:/Users/dan/.m2/repository/com/fasterxml/jackson/core/jackson-core/2.9.7/jackson-core-2.9.7.jar:/Users/dan/.m2/repository/org/apache/commons/commons-text/1.4/commons-text-1.4.jar:/Users/dan/.m2/repository/org/apache/commons/commons-lang3/3.7/commons-lang3-3.7.jar:/Users/dan/.m2/repository/org/apache/nifi/nifi-data-provenance-utils/1.9.2/nifi-data-provenance-utils-1.9.2.jar:/Users/dan/.m2/repository/org/apache/nifi/nifi-security-utils/1.9.2/nifi-security-utils-1.9.2.jar:/Users/dan/.m2/repository/commons-codec/commons-codec/1.11/commons-codec-1.11.jar:/Users/dan/.m2/repository/org/bouncycastle/bcpkix-jdk15on/1.60/bcpkix-jdk15on-1.60.jar:/Users/dan/.m2/repository/de/svenkubiak/jBCrypt/0.4.1/jBCrypt-0.4.1.jar:/Users/dan/.m2/repository/org/bouncycastle/bcprov-jdk15on/1.60/bcprov-jdk15on-1.60.jar:/Users/dan/.m2/repository/org/apache/nifi/nifi-properties-loader/1.9.2/nifi-properties-loader-1.9.2.jar:/Users/dan/.m2/repository/ch/qos/logback/logback-classic/1.2.3/logback-classic-1.2.3.jar:/Users/dan/.m2/repository/ch/qos/logback/logback-core/1.2.3/logback-core-1.2.3.jar:/Users/dan/.m2/repository/org/apache/nifi/nifi-properties/1.9.2/nifi-properties-1.9.2.jar:/Users/dan/.m2/repository/org/slf4j/slf4j-simple/1.7.25/slf4j-simple-1.7.25.jar:/Users/dan/.m2/repository/org/slf4j/slf4j-api/1.7.25/slf4j-api-1.7.25.jar:/Users/dan/.m2/repository/junit/junit/4.12/junit-4.12.jar:/Users/dan/.m2/repository/org/hamcrest/hamcrest-core/1.3/hamcrest-core-1.3.jar:/Users/dan/.m2/repository/org/mockito/mockito-core/1.10.19/mockito-core-1.10.19.jar:/Users/dan/.m2/repository/org/objenesis/objenesis/2.1/objenesis-2.1.jar:/Users/dan/.m2/repository/org/codehaus/groovy/groovy-all/2.4.13/groovy-all-2.4.13.jar:"/>
    <property name="sun.cpu.endian" value="little"/>
    <property name="user.home" value="/Users/dan"/>
    <property name="user.language" value="en"/>
    <property name="java.specification.vendor" value="Oracle Corporation"/>
    <property name="java.home" value="/Library/Java/JavaVirtualMachines/jdk1.8.0_212.jdk/Contents/Home/jre"/>
    <property name="basedir" value="/Users/dan/Documents/Projects/Wayfair/aerospike-delete/nifi-aerospike-delete-processors"/>
    <property name="file.separator" value="/"/>
    <property name="line.separator" value="&#10;"/>
    <property name="java.vm.specification.vendor" value="Oracle Corporation"/>
    <property name="java.specification.name" value="Java Platform API Specification"/>
    <property name="java.awt.graphicsenv" value="sun.awt.CGraphicsEnvironment"/>
    <property name="java.awt.headless" value="true"/>
    <property name="surefire.real.class.path" value="/Users/dan/Documents/Projects/Wayfair/aerospike-delete/nifi-aerospike-delete-processors/target/surefire/surefirebooter7156967350076039602.jar"/>
    <property name="sun.boot.class.path" value="/Library/Java/JavaVirtualMachines/jdk1.8.0_212.jdk/Contents/Home/jre/lib/resources.jar:/Library/Java/JavaVirtualMachines/jdk1.8.0_212.jdk/Contents/Home/jre/lib/rt.jar:/Library/Java/JavaVirtualMachines/jdk1.8.0_212.jdk/Contents/Home/jre/lib/sunrsasign.jar:/Library/Java/JavaVirtualMachines/jdk1.8.0_212.jdk/Contents/Home/jre/lib/jsse.jar:/Library/Java/JavaVirtualMachines/jdk1.8.0_212.jdk/Contents/Home/jre/lib/jce.jar:/Library/Java/JavaVirtualMachines/jdk1.8.0_212.jdk/Contents/Home/jre/lib/charsets.jar:/Library/Java/JavaVirtualMachines/jdk1.8.0_212.jdk/Contents/Home/jre/lib/jfr.jar:/Library/Java/JavaVirtualMachines/jdk1.8.0_212.jdk/Contents/Home/jre/classes"/>
    <property name="sun.management.compiler" value="HotSpot 64-Bit Tiered Compilers"/>
    <property name="ftp.nonProxyHosts" value="local|*.local|169.254/16|*.169.254/16"/>
    <property name="java.runtime.version" value="1.8.0_212-b10"/>
    <property name="java.net.preferIPv4Stack" value="true"/>
    <property name="user.name" value="dan"/>
    <property name="path.separator" value=":"/>
    <property name="os.version" value="10.14.6"/>
    <property name="java.endorsed.dirs" value="/Library/Java/JavaVirtualMachines/jdk1.8.0_212.jdk/Contents/Home/jre/lib/endorsed"/>
    <property name="java.runtime.name" value="Java(TM) SE Runtime Environment"/>
    <property name="file.encoding" value="UTF-8"/>
    <property name="java.vm.name" value="Java HotSpot(TM) 64-Bit Server VM"/>
    <property name="localRepository" value="/Users/dan/.m2/repository"/>
    <property name="java.vendor.url.bug" value="http://bugreport.sun.com/bugreport/"/>
    <property name="java.io.tmpdir" value="/var/folders/lq/vwc1sdqj2g15kdglylmbp8980000gn/T/"/>
    <property name="java.version" value="1.8.0_212"/>
    <property name="user.dir" value="/Users/dan/Documents/Projects/Wayfair/aerospike-delete/nifi-aerospike-delete-processors"/>
    <property name="os.arch" value="x86_64"/>
    <property name="java.vm.specification.name" value="Java Virtual Machine Specification"/>
    <property name="java.awt.printerjob" value="sun.lwawt.macosx.CPrinterJob"/>
    <property name="sun.os.patch.level" value="unknown"/>
    <property name="java.library.path" value="/Users/dan/Library/Java/Extensions:/Library/Java/Extensions:/Network/Library/Java/Extensions:/System/Library/Java/Extensions:/usr/lib/java:."/>
    <property name="java.vm.info" value="mixed mode"/>
    <property name="java.vendor" value="Oracle Corporation"/>
    <property name="java.vm.version" value="25.212-b10"/>
    <property name="java.ext.dirs" value="/Users/dan/Library/Java/Extensions:/Library/Java/JavaVirtualMachines/jdk1.8.0_212.jdk/Contents/Home/jre/lib/ext:/Library/Java/Extensions:/Network/Library/Java/Extensions:/System/Library/Java/Extensions:/usr/lib/java"/>
    <property name="sun.io.unicode.encoding" value="UnicodeBig"/>
    <property name="java.class.version" value="52.0"/>
    <property name="socksNonProxyHosts" value="local|*.local|169.254/16|*.169.254/16"/>
  </properties>
  <testcase name="testProcessor" classname="com.danshev.processors.aerospike_delete.DeleteTest" time="0.205"/>
</testsuite>